<?xml version="1.0" encoding="UTF-8"?>
<!-- Generated by org.testng.reporters.JUnitReportReporter -->
<testsuite hostname="LAPTOP-TQ4CE2AS" failures="0" tests="1" name="Test11_Get" time="2.077" errors="0" timestamp="2022-02-22T19:06:00 EST" skipped="0">
  <testcase classname="Test11_Get" name="test11" time="2.077"/>
  <system-out/>
</testsuite> <!-- Test11_Get -->
