<?xml version="1.0" encoding="UTF-8"?>
<!-- Generated by org.testng.reporters.JUnitReportReporter -->
<testsuite hostname="LAPTOP-TQ4CE2AS" failures="0" tests="1" name="Teset11_POST" time="2.230" errors="0" timestamp="2022-02-22T21:48:50 EST" skipped="0">
  <testcase classname="Teset11_POST" name="Post1" time="2.230"/>
  <system-out/>
</testsuite> <!-- Teset11_POST -->
