<?xml version="1.0" encoding="UTF-8"?>
<!-- Generated by org.testng.reporters.JUnitReportReporter -->
<testsuite hostname="LAPTOP-TQ4CE2AS" failures="0" tests="2" name="Test01_GET" time="2.842" errors="0" timestamp="2022-02-02T14:05:21 EST" skipped="0">
  <testcase classname="Test01_GET" name="test2" time="0.884"/>
  <system-out/>
  <testcase classname="Test01_GET" name="test1" time="1.958"/>
  <system-out/>
</testsuite> <!-- Test01_GET -->
