<?xml version="1.0" encoding="UTF-8"?>
<!-- Generated by org.testng.reporters.JUnitReportReporter -->
<testsuite hostname="LAPTOP-TQ4CE2AS" failures="0" tests="1" name="Test02_Post" time="2.226" errors="0" timestamp="2022-02-02T14:19:16 EST" skipped="0">
  <testcase classname="Test02_Post" name="test02post" time="2.226"/>
  <system-out/>
</testsuite> <!-- Test02_Post -->
