<?xml version="1.0" encoding="UTF-8"?>
<!-- Generated by org.testng.reporters.JUnitReportReporter -->
<testsuite hostname="LAPTOP-TQ4CE2AS" failures="0" tests="1" name="LocalServer111.Test_Get" time="1.164" errors="0" timestamp="2022-02-22T20:04:10 EST" skipped="0">
  <testcase classname="LocalServer111.Test_Get" name="test1" time="1.164"/>
  <system-out/>
</testsuite> <!-- LocalServer111.Test_Get -->
